-------------------------------------------------------------------------------
Test set: com.mycompany.carrito.DescuentoTest
-------------------------------------------------------------------------------
Tests run: 1, Failures: 0, Errors: 1, Skipped: 0, Time elapsed: 0.055 s <<< FAILURE! - in com.mycompany.carrito.DescuentoTest
testAplicaDescuentoNegativo  Time elapsed: 0.026 s  <<< ERROR!
java.lang.Exception
	at com.mycompany.carrito.DescuentoTest.testAplicaDescuentoNegativo(DescuentoTest.java:65)

